<?xml version="1.0" encoding="UTF-8"?>
<testng-results ignored="0" total="2" passed="2" failed="0" skipped="0">
  <reporter-output>
  </reporter-output>
  <suite started-at="2024-05-21T21:07:23 IST" name="Default suite" finished-at="2024-05-21T21:07:26 IST" duration-ms="3780">
    <groups>
    </groups>
    <test started-at="2024-05-21T21:07:23 IST" name="Default test" finished-at="2024-05-21T21:07:26 IST" duration-ms="3780">
      <class name="dynamicPayLoad.dataproviderMethod">
        <test-method signature="iterater(java.lang.String,java.lang.String,java.lang.String)[pri:0, instance:dynamicPayLoad.dataproviderMethod@32ee6fee]" started-at="2024-05-21T21:07:23 IST" name="iterater" data-provider="data" finished-at="2024-05-21T21:07:26 IST" duration-ms="3546" status="PASS">
          <params>
            <param index="0">
              <value>
                <![CDATA[shollinganallur]]>
              </value>
            </param>
            <param index="1">
              <value>
                <![CDATA[ chennai]]>
              </value>
            </param>
            <param index="2">
              <value>
                <![CDATA[600119]]>
              </value>
            </param>
          </params>
          <reporter-output>
          </reporter-output>
        </test-method> <!-- iterater -->
        <test-method signature="iterater(java.lang.String,java.lang.String,java.lang.String)[pri:0, instance:dynamicPayLoad.dataproviderMethod@32ee6fee]" started-at="2024-05-21T21:07:26 IST" name="iterater" data-provider="data" finished-at="2024-05-21T21:07:26 IST" duration-ms="156" status="PASS">
          <params>
            <param index="0">
              <value>
                <![CDATA[nalroad]]>
              </value>
            </param>
            <param index="1">
              <value>
                <![CDATA[palani]]>
              </value>
            </param>
            <param index="2">
              <value>
                <![CDATA[24617]]>
              </value>
            </param>
          </params>
          <reporter-output>
          </reporter-output>
        </test-method> <!-- iterater -->
      </class> <!-- dynamicPayLoad.dataproviderMethod -->
    </test> <!-- Default test -->
  </suite> <!-- Default suite -->
</testng-results>
